# JRE version: OpenJDK Runtime Environment (8.0_152-b01) (build 1.8.0_152-release-1343-b01)
# Java VM: OpenJDK 64-Bit Server VM (25.152-b01 mixed mode windows-amd64 compressed oops)
Heap:
 PSYoungGen      total 70144K, used 32187K [0x00000000e0000000, 0x00000000e6700000, 0x0000000100000000)
  eden space 62976K, 40% used [0x00000000e0000000,0x00000000e18baf80,0x00000000e3d80000)
  from space 7168K, 95% used [0x00000000e4680000,0x00000000e4d33de8,0x00000000e4d80000)
  to   space 9216K, 0% used [0x00000000e3d80000,0x00000000e3d80000,0x00000000e4680000)
 ParOldGen       total 41472K, used 12273K [0x00000000a0000000, 0x00000000a2880000, 0x00000000e0000000)
  object space 41472K, 29% used [0x00000000a0000000,0x00000000a0bfc748,0x00000000a2880000)
 Metaspace       used 28496K, capacity 28976K, committed 29360K, reserved 1075200K
  class space    used 3949K, capacity 4163K, committed 4272K, reserved 1048576K
GC Heap History (10 events):
Event: 6.100 GC heap before
{Heap before GC invocations=5 (full 0):
 PSYoungGen      total 35328K, used 35328K [0x00000000e0000000, 0x00000000e2500000, 0x0000000100000000)
  eden space 32768K, 100% used [0x00000000e0000000,0x00000000e2000000,0x00000000e2000000)
  from space 2560K, 100% used [0x00000000e2280000,0x00000000e2500000,0x00000000e2500000)
  to   space 2560K, 0% used [0x00000000e2000000,0x00000000e2000000,0x00000000e2280000)
 ParOldGen       total 44032K, used 2835K [0x00000000a0000000, 0x00000000a2b00000, 0x00000000e0000000)
  object space 44032K, 6% used [0x00000000a0000000,0x00000000a02c4fa0,0x00000000a2b00000)
 Metaspace       used 13619K, capacity 13914K, committed 14208K, reserved 1060864K
  class space    used 1911K, capacity 2061K, committed 2176K, reserved 1048576K
Event: 6.112 GC heap after
Heap after GC invocations=5 (full 0):
 PSYoungGen      total 35328K, used 2560K [0x00000000e0000000, 0x00000000e4d00000, 0x0000000100000000)
  eden space 32768K, 0% used [0x00000000e0000000,0x00000000e0000000,0x00000000e2000000)
  from space 2560K, 100% used [0x00000000e2000000,0x00000000e2280000,0x00000000e2280000)
  to   space 6656K, 0% used [0x00000000e4680000,0x00000000e4680000,0x00000000e4d00000)
 ParOldGen       total 44032K, used 6707K [0x00000000a0000000, 0x00000000a2b00000, 0x00000000e0000000)
  object space 44032K, 15% used [0x00000000a0000000,0x00000000a068cf18,0x00000000a2b00000)
 Metaspace       used 13619K, capacity 13914K, committed 14208K, reserved 1060864K
  class space    used 1911K, capacity 2061K, committed 2176K, reserved 1048576K
}
Event: 8.347 GC heap before
{Heap before GC invocations=6 (full 0):
 PSYoungGen      total 35328K, used 35328K [0x00000000e0000000, 0x00000000e4d00000, 0x0000000100000000)
  eden space 32768K, 100% used [0x00000000e0000000,0x00000000e2000000,0x00000000e2000000)
  from space 2560K, 100% used [0x00000000e2000000,0x00000000e2280000,0x00000000e2280000)
  to   space 6656K, 0% used [0x00000000e4680000,0x00000000e4680000,0x00000000e4d00000)
 ParOldGen       total 44032K, used 6707K [0x00000000a0000000, 0x00000000a2b00000, 0x00000000e0000000)
  object space 44032K, 15% used [0x00000000a0000000,0x00000000a068cf18,0x00000000a2b00000)
 Metaspace       used 16582K, capacity 16906K, committed 17152K, reserved 1064960K
  class space    used 2389K, capacity 2551K, committed 2560K, reserved 1048576K
Event: 8.366 GC heap after
Heap after GC invocations=6 (full 0):
 PSYoungGen      total 71168K, used 6493K [0x00000000e0000000, 0x00000000e4f00000, 0x0000000100000000)
  eden space 64512K, 0% used [0x00000000e0000000,0x00000000e0000000,0x00000000e3f00000)
  from space 6656K, 97% used [0x00000000e4680000,0x00000000e4cd7708,0x00000000e4d00000)
  to   space 7680K, 0% used [0x00000000e3f00000,0x00000000e3f00000,0x00000000e4680000)
 ParOldGen       total 44032K, used 6715K [0x00000000a0000000, 0x00000000a2b00000, 0x00000000e0000000)
  object space 44032K, 15% used [0x00000000a0000000,0x00000000a068ef18,0x00000000a2b00000)
 Metaspace       used 16582K, capacity 16906K, committed 17152K, reserved 1064960K
  class space    used 2389K, capacity 2551K, committed 2560K, reserved 1048576K
}
Event: 12.672 GC heap before
{Heap before GC invocations=7 (full 0):
 PSYoungGen      total 71168K, used 39694K [0x00000000e0000000, 0x00000000e4f00000, 0x0000000100000000)
  eden space 64512K, 51% used [0x00000000e0000000,0x00000000e206c1f0,0x00000000e3f00000)
  from space 6656K, 97% used [0x00000000e4680000,0x00000000e4cd7708,0x00000000e4d00000)
  to   space 7680K, 0% used [0x00000000e3f00000,0x00000000e3f00000,0x00000000e4680000)
 ParOldGen       total 44032K, used 6715K [0x00000000a0000000, 0x00000000a2b00000, 0x00000000e0000000)
  object space 44032K, 15% used [0x00000000a0000000,0x00000000a068ef18,0x00000000a2b00000)
 Metaspace       used 20810K, capacity 21238K, committed 21296K, reserved 1067008K
  class space    used 2910K, capacity 3085K, committed 3120K, reserved 1048576K
Event: 12.699 GC heap after
Heap after GC invocations=7 (full 0):
 PSYoungGen      total 69632K, used 7606K [0x00000000e0000000, 0x00000000e4d80000, 0x0000000100000000)
  eden space 61952K, 0% used [0x00000000e0000000,0x00000000e0000000,0x00000000e3c80000)
  from space 7680K, 99% used [0x00000000e3f00000,0x00000000e466d9e8,0x00000000e4680000)
  to   space 7168K, 0% used [0x00000000e4680000,0x00000000e4680000,0x00000000e4d80000)
 ParOldGen       total 44032K, used 7347K [0x00000000a0000000, 0x00000000a2b00000, 0x00000000e0000000)
  object space 44032K, 16% used [0x00000000a0000000,0x00000000a072cf28,0x00000000a2b00000)
 Metaspace       used 20810K, capacity 21238K, committed 21296K, reserved 1067008K
  class space    used 2910K, capacity 3085K, committed 3120K, reserved 1048576K
}
Event: 12.699 GC heap before
{Heap before GC invocations=8 (full 1):
 PSYoungGen      total 69632K, used 7606K [0x00000000e0000000, 0x00000000e4d80000, 0x0000000100000000)
  eden space 61952K, 0% used [0x00000000e0000000,0x00000000e0000000,0x00000000e3c80000)
  from space 7680K, 99% used [0x00000000e3f00000,0x00000000e466d9e8,0x00000000e4680000)
  to   space 7168K, 0% used [0x00000000e4680000,0x00000000e4680000,0x00000000e4d80000)
 ParOldGen       total 44032K, used 7347K [0x00000000a0000000, 0x00000000a2b00000, 0x00000000e0000000)
  object space 44032K, 16% used [0x00000000a0000000,0x00000000a072cf28,0x00000000a2b00000)
 Metaspace       used 20810K, capacity 21238K, committed 21296K, reserved 1067008K
  class space    used 2910K, capacity 3085K, committed 3120K, reserved 1048576K
Event: 12.841 GC heap after
Heap after GC invocations=8 (full 1):
 PSYoungGen      total 69632K, used 0K [0x00000000e0000000, 0x00000000e4d80000, 0x0000000100000000)
  eden space 61952K, 0% used [0x00000000e0000000,0x00000000e0000000,0x00000000e3c80000)
  from space 7680K, 0% used [0x00000000e3f00000,0x00000000e3f00000,0x00000000e4680000)
  to   space 7168K, 0% used [0x00000000e4680000,0x00000000e4680000,0x00000000e4d80000)
 ParOldGen       total 41472K, used 12265K [0x00000000a0000000, 0x00000000a2880000, 0x00000000e0000000)
  object space 41472K, 29% used [0x00000000a0000000,0x00000000a0bfa748,0x00000000a2880000)
 Metaspace       used 20810K, capacity 21238K, committed 21296K, reserved 1067008K
  class space    used 2910K, capacity 3085K, committed 3120K, reserved 1048576K
}
Event: 16.290 GC heap before
{Heap before GC invocations=9 (full 1):
 PSYoungGen      total 69632K, used 61952K [0x00000000e0000000, 0x00000000e4d80000, 0x0000000100000000)
  eden space 61952K, 100% used [0x00000000e0000000,0x00000000e3c80000,0x00000000e3c80000)
  from space 7680K, 0% used [0x00000000e3f00000,0x00000000e3f00000,0x00000000e4680000)
  to   space 7168K, 0% used [0x00000000e4680000,0x00000000e4680000,0x00000000e4d80000)
 ParOldGen       total 41472K, used 12265K [0x00000000a0000000, 0x00000000a2880000, 0x00000000e0000000)
  object space 41472K, 29% used [0x00000000a0000000,0x00000000a0bfa748,0x00000000a2880000)
 Metaspace       used 27121K, capacity 27620K, committed 27824K, reserved 1073152K
  class space    used 3695K, capacity 3904K, committed 4016K, reserved 1048576K
Event: 16.300 GC heap after
Heap after GC invocations=9 (full 1):
 PSYoungGen      total 70144K, used 6863K [0x00000000e0000000, 0x00000000e6700000, 0x0000000100000000)
  eden space 62976K, 0% used [0x00000000e0000000,0x00000000e0000000,0x00000000e3d80000)
  from space 7168K, 95% used [0x00000000e4680000,0x00000000e4d33de8,0x00000000e4d80000)
  to   space 9216K, 0% used [0x00000000e3d80000,0x00000000e3d80000,0x00000000e4680000)
 ParOldGen       total 41472K, used 12273K [0x00000000a0000000, 0x00000000a2880000, 0x00000000e0000000)
  object space 41472K, 29% used [0x00000000a0000000,0x00000000a0bfc748,0x00000000a2880000)
 Metaspace       used 27121K, capacity 27620K, committed 27824K, reserved 1073152K
  class space    used 3695K, capacity 3904K, committed 4016K, reserved 1048576K
}

